ENOENT: no such file or directory, open 'D:\MIU\daily-diary-fullstackjs-ci-cd\daily-diary-api\data\Posts_09-23-2024.json'
ENOENT: no such file or directory, open 'D:\MIU\daily-diary-fullstackjs-ci-cd\daily-diary-api\data\Posts_09-22-2024.json'
ENOENT: no such file or directory, open '/Users/firanolabdisa/Desktop/cs472-project/daily-diary-api/data/Posts_09-24-2024.json'
ENOENT: no such file or directory, open '/Users/firanolabdisa/Desktop/cs472-project/daily-diary-api/data/Posts_09-24-2024.json'
ENOENT: no such file or directory, open '/Users/firanolabdisa/Desktop/cs472-project/daily-diary-api/data/Posts_09-24-2024.json'
ENOENT: no such file or directory, open '/Users/firanolabdisa/Desktop/cs472-project/daily-diary-api/data/Posts_09-24-2024.json'
ENOENT: no such file or directory, open '/Users/firanolabdisa/Desktop/cs472-project/daily-diary-api/data/Posts_09-22-2024.json'
Cannot read properties of undefined (reading 'title')
Cannot read properties of undefined (reading 'title')
Cannot read properties of undefined (reading 'title')
Cannot read properties of undefined (reading 'title')
Cannot read properties of undefined (reading 'title')
Cannot read properties of undefined (reading 'title')
Cannot read properties of undefined (reading 'title')
ENOENT: no such file or directory, open '/Users/firanolabdisa/Desktop/cs472-project/daily-diary-api/data/Posts_2024-09-24.json'
Not found post with id: e1d23737-63cf-44a3-b881-13c17a7aa20f
ENOENT: no such file or directory, open '/Users/firanolabdisa/Desktop/cs472-project/daily-diary-api/data/Posts_2024-09-24.json'
Not found post with id: e1d23737-63cf-44a3-b881-13c17a7aa20f
ENOENT: no such file or directory, open '/Users/firanolabdisa/Desktop/cs472-project/daily-diary-api/data/Posts_2024-09-24.json'
Not found post with id: e1b84c97-1592-4401-aa96-aa9686e74f18
ENOENT: no such file or directory, open '/Users/firanolabdisa/Desktop/cs472-project/daily-diary-api/data/Posts_2024-09-24.json'
Not found post with id: e1b84c97-1592-4401-aa96-aa9686e74f18
ENOENT: no such file or directory, open '/Users/firanolabdisa/Desktop/cs472-project/daily-diary-api/data/Posts_2024-09-24.json'
Not found post with id: e1b84c97-1592-4401-aa96-aa9686e74f18
ENOENT: no such file or directory, open '/Users/firanolabdisa/Desktop/cs472-project/daily-diary-api/data/Posts_2024-09-24.json'
Not found post with id: e1b84c97-1592-4401-aa96-aa9686e74f18
ENOENT: no such file or directory, open '/Users/firanolabdisa/Desktop/cs472-project/daily-diary-api/data/Posts_2024-09-24.json'
Not found post with id: b64598a3-b689-4d7a-973c-8754274b3124
ENOENT: no such file or directory, open '/Users/firanolabdisa/Desktop/cs472-project/daily-diary-api/data/Posts_2024-09-24.json'
Not found post with id: b64598a3-b689-4d7a-973c-8754274b3124
ENOENT: no such file or directory, open '/Users/firanolabdisa/Desktop/cs472-project/daily-diary-api/data/Posts_2024-09-24.json'
Not found post with id: 951af6df-ee11-4a25-a2f3-fe227563c1d7
ENOENT: no such file or directory, open '/Users/firanolabdisa/Desktop/cs472-project/daily-diary-api/data/Posts_2024-09-24.json'
Not found post with id: 951af6df-ee11-4a25-a2f3-fe227563c1d7
ENOENT: no such file or directory, open '/Users/firanolabdisa/Desktop/cs472-project/daily-diary-api/data/Posts_2024-09-24.json'
Not found post with id: eb6f1c83-7bb9-4c71-a684-7c4923d67449
ENOENT: no such file or directory, open '/Users/firanolabdisa/Desktop/cs472-project/daily-diary-api/data/Posts_2024-09-24.json'
Not found post with id: e98394bd-2086-475e-9670-0f6c113d2c88
ENOENT: no such file or directory, open '/Users/firanolabdisa/Desktop/cs472-project/daily-diary-api/data/Posts_2024-09-24.json'
Not found post with id: e1d23737-63cf-44a3-b881-13c17a7aa20f
ENOENT: no such file or directory, open '/Users/firanolabdisa/Desktop/cs472-project/daily-diary-api/data/Posts_2024-09-24.json'
Post not found with ID: e1d23737-63cf-44a3-b881-13c17a7aa20f
ENOENT: no such file or directory, open '/Users/firanolabdisa/Desktop/cs472-project/daily-diary-api/data/Posts_2024-09-23.json'
Not found post with id: 82e98d03-394a-41ea-9a41-1f508013b985
ENOENT: no such file or directory, open '/Users/firanolabdisa/Desktop/cs472-project/daily-diary-api/data/09-23-2024.json'
ENOENT: no such file or directory, open '/Users/firanolabdisa/Desktop/cs472-project/daily-diary-api/data/09-22-2024.json'
ENOENT: no such file or directory, open '/Users/firanolabdisa/Desktop/cs472-project/daily-diary-api/data/09-21-2024.json'
ENOENT: no such file or directory, open '/Users/firanolabdisa/Desktop/cs472-project/daily-diary-api/data/09-22-2024.json'
ENOENT: no such file or directory, open '/Users/firanolabdisa/Desktop/cs472-project/daily-diary-api/data/09-23-2024.json'
ENOENT: no such file or directory, open '/Users/firanolabdisa/Desktop/cs472-project/daily-diary-api/data/09-24-2024.json'
ENOENT: no such file or directory, open '/Users/firanolabdisa/Desktop/cs472-project/daily-diary-api/data/09-24-2024.json'
ENOENT: no such file or directory, open '/Users/firanolabdisa/Desktop/cs472-project/daily-diary-api/data/2024-09-24.json'
Not found post with id: 4c18f92d-eb15-4d6e-8e1a-72f5d68aec72
ENOENT: no such file or directory, open '/Users/firanolabdisa/Desktop/cs472-project/daily-diary-api/data/09-23-2024.json'
ENOENT: no such file or directory, open '/Users/firanolabdisa/Desktop/cs472-project/daily-diary-api/data/09-22-2024.json'
ENOENT: no such file or directory, open '/Users/firanolabdisa/Desktop/cs472-project/daily-diary-api/data/09-21-2024.json'
ENOENT: no such file or directory, open '/Users/firanolabdisa/Desktop/cs472-project/daily-diary-api/data/09-22-2024.json'
ENOENT: no such file or directory, open '/Users/firanolabdisa/Desktop/cs472-project/daily-diary-api/data/09-23-2024.json'
ENOENT: no such file or directory, open '/Users/firanolabdisa/Desktop/cs472-project/daily-diary-api/data/2024-09-24.json'
Not found post with id: 4c18f92d-eb15-4d6e-8e1a-72f5d68aec72
ENOENT: no such file or directory, open '/Users/firanolabdisa/Desktop/cs472-project/daily-diary-api/data/2024-09-24.json'
Not found post with id: e1d23737-63cf-44a3-b881-13c17a7aa20f
ENOENT: no such file or directory, open '/Users/firanolabdisa/Desktop/cs472-project/daily-diary-api/data/2024-09-24.json'
Not found post with id: e1d23737-63cf-44a3-b881-13c17a7aa20f
ENOENT: no such file or directory, open '/Users/firanolabdisa/Desktop/cs472-project/daily-diary-api/data/2024-09-24.json'
Not found post with id: 4c18f92d-eb15-4d6e-8e1a-72f5d68aec72
Not found post with id: 4c18f92d-eb15-4d6e-8e1a-72f5d68aec72
Not found post with id: 4c18f92d-eb15-4d6e-8e1a-72f5d68aec72
Not found post with id: 0ff9dc55-faa1-4f1c-ba65-c8d45fc31395
ENOENT: no such file or directory, open '/Users/firanolabdisa/Desktop/cs472-project/daily-diary-api/data/undefined.json'
ENOENT: no such file or directory, open '/Users/firanolabdisa/Desktop/cs472-project/daily-diary-api/data/09-23-2024.json'
ENOENT: no such file or directory, open '/Users/firanolabdisa/Desktop/cs472-project/daily-diary-api/data/09-22-2024.json'
ENOENT: no such file or directory, open '/Users/firanolabdisa/Desktop/cs472-project/daily-diary-api/data/09-23-2024.json'
ENOENT: no such file or directory, open '/Users/firanolabdisa/Desktop/cs472-project/daily-diary-api/data/09-24-2024.json'
ENOENT: no such file or directory, open '/Users/firanolabdisa/Desktop/cs472-project/daily-diary-api/data/09-24-2024.json'
Not found post with id: <post_id>
ENOENT: no such file or directory, open '/Users/firanolabdisa/Desktop/cs472-project/daily-diary-api/data/09-24-2024.json'
Not found post with id: beccc6bc-908a-41d2-9a80-11055c528050
Not found post with id: 4c18f92d-eb15-4d6e-8e1a-72f5d68aec72
Not found post with id: 181f00dd-c5a3-49f2-839b-ed01df927492
Not found post with id: 4c18f92d-eb15-4d6e-8e1a-72f5d68aec72
Not found post with id: cdbbf26d-0f41-4439-9a96-5dfa0f46bf03
Not found post with id: 4c18f92d-eb15-4d6e-8e1a-72f5d68aec72
Not found post with id: 4c18f92d-eb15-4d6e-8e1a-72f5d68aec72
Not found post with id: 4c18f92d-eb15-4d6e-8e1a-72f5d68aec72
Not found post with id: 4c18f92d-eb15-4d6e-8e1a-72f5d68aec72
Not found post with id: 4c18f92d-eb15-4d6e-8e1a-72f5d68aec72
File Read Error ENOENT: no such file or directory, open '/Users/firanolabdisa/Desktop/cs472-project/daily-diary-api/data/2024-09-25.json'
File Read Error ENOENT: no such file or directory, open '/Users/firanolabdisa/Desktop/cs472-project/daily-diary-api/data/2024-09-25.json'
File Read Error ENOENT: no such file or directory, open '/Users/firanolabdisa/Desktop/cs472-project/daily-diary-api/data/2024-09-25.json'
File Read Error ENOENT: no such file or directory, open '/Users/firanolabdisa/Desktop/Lecture/cs472-project/daily-diary-api/data/2024-09-25.json'
File Read Error ENOENT: no such file or directory, open '/Users/firanolabdisa/Desktop/Lecture/cs472-project/daily-diary-api/data/2024-09-25.json'
File Read Error ENOENT: no such file or directory, open '/Users/firanolabdisa/Desktop/Lecture/cs472-project/daily-diary-api/data/2024-09-25.json'
File Read Error ENOENT: no such file or directory, open '/Users/firanolabdisa/Desktop/Lecture/cs472-project/daily-diary-api/data/2024-09-25.json'
